{"C:\\Users\\DELL\\Desktop\\пррр\\CheckMoney\\Andry-art-checkmoney-iTechArt-\\packages\\core\\HttpService.ts": {"path":"C:\\Users\\DELL\\Desktop\\пррр\\CheckMoney\\Andry-art-checkmoney-iTechArt-\\packages\\core\\HttpService.ts","statementMap":{"0":{"start":{"line":20,"column":4},"end":{"line":20,"column":19}},"1":{"start":{"line":21,"column":4},"end":{"line":21,"column":27}},"2":{"start":{"line":22,"column":4},"end":{"line":22,"column":21}},"3":{"start":{"line":23,"column":4},"end":{"line":23,"column":31}},"4":{"start":{"line":16,"column":0},"end":{"line":16,"column":13}},"5":{"start":{"line":36,"column":4},"end":{"line":36,"column":27}},"6":{"start":{"line":37,"column":4},"end":{"line":37,"column":34}},"7":{"start":{"line":38,"column":4},"end":{"line":38,"column":36}},"8":{"start":{"line":44,"column":19},"end":{"line":44,"column":40}},"9":{"start":{"line":47,"column":4},"end":{"line":71,"column":null}},"10":{"start":{"line":48,"column":6},"end":{"line":53,"column":9}},"11":{"start":{"line":55,"column":6},"end":{"line":58,"column":null}},"12":{"start":{"line":56,"column":29},"end":{"line":56,"column":50}},"13":{"start":{"line":57,"column":8},"end":{"line":57,"column":null}},"14":{"start":{"line":59,"column":7},"end":{"line":62,"column":null}},"15":{"start":{"line":60,"column":8},"end":{"line":60,"column":53}},"16":{"start":{"line":61,"column":8},"end":{"line":61,"column":42}},"17":{"start":{"line":63,"column":7},"end":{"line":65,"column":null}},"18":{"start":{"line":64,"column":8},"end":{"line":64,"column":70}},"19":{"start":{"line":66,"column":6},"end":{"line":66,"column":67}},"20":{"start":{"line":70,"column":9},"end":{"line":70,"column":null}},"21":{"start":{"line":76,"column":19},"end":{"line":76,"column":34}},"22":{"start":{"line":79,"column":4},"end":{"line":108,"column":null}},"23":{"start":{"line":80,"column":6},"end":{"line":88,"column":9}},"24":{"start":{"line":90,"column":6},"end":{"line":93,"column":null}},"25":{"start":{"line":91,"column":29},"end":{"line":91,"column":50}},"26":{"start":{"line":92,"column":8},"end":{"line":92,"column":null}},"27":{"start":{"line":95,"column":6},"end":{"line":98,"column":null}},"28":{"start":{"line":96,"column":8},"end":{"line":96,"column":53}},"29":{"start":{"line":97,"column":7},"end":{"line":97,"column":50}},"30":{"start":{"line":99,"column":6},"end":{"line":101,"column":null}},"31":{"start":{"line":100,"column":8},"end":{"line":100,"column":71}},"32":{"start":{"line":103,"column":6},"end":{"line":103,"column":69}},"33":{"start":{"line":107,"column":6},"end":{"line":107,"column":null}},"34":{"start":{"line":112,"column":19},"end":{"line":112,"column":34}},"35":{"start":{"line":115,"column":4},"end":{"line":143,"column":null}},"36":{"start":{"line":116,"column":6},"end":{"line":124,"column":9}},"37":{"start":{"line":126,"column":6},"end":{"line":129,"column":null}},"38":{"start":{"line":127,"column":29},"end":{"line":127,"column":50}},"39":{"start":{"line":128,"column":8},"end":{"line":128,"column":null}},"40":{"start":{"line":131,"column":6},"end":{"line":134,"column":8}},"41":{"start":{"line":132,"column":8},"end":{"line":132,"column":53}},"42":{"start":{"line":133,"column":8},"end":{"line":133,"column":51}},"43":{"start":{"line":134,"column":8},"end":{"line":136,"column":null}},"44":{"start":{"line":135,"column":8},"end":{"line":135,"column":70}},"45":{"start":{"line":138,"column":6},"end":{"line":138,"column":68}},"46":{"start":{"line":141,"column":6},"end":{"line":141,"column":null}},"47":{"start":{"line":147,"column":19},"end":{"line":147,"column":34}},"48":{"start":{"line":150,"column":4},"end":{"line":178,"column":null}},"49":{"start":{"line":151,"column":6},"end":{"line":159,"column":9}},"50":{"start":{"line":161,"column":6},"end":{"line":163,"column":null}},"51":{"start":{"line":162,"column":8},"end":{"line":162,"column":null}},"52":{"start":{"line":165,"column":6},"end":{"line":168,"column":null}},"53":{"start":{"line":166,"column":8},"end":{"line":166,"column":53}},"54":{"start":{"line":167,"column":8},"end":{"line":167,"column":54}},"55":{"start":{"line":169,"column":6},"end":{"line":171,"column":null}},"56":{"start":{"line":170,"column":8},"end":{"line":170,"column":73}},"57":{"start":{"line":173,"column":6},"end":{"line":173,"column":71}},"58":{"start":{"line":176,"column":8},"end":{"line":176,"column":null}},"59":{"start":{"line":184,"column":4},"end":{"line":210,"column":null}},"60":{"start":{"line":185,"column":6},"end":{"line":195,"column":9}},"61":{"start":{"line":197,"column":6},"end":{"line":201,"column":null}},"62":{"start":{"line":198,"column":28},"end":{"line":198,"column":49}},"63":{"start":{"line":199,"column":8},"end":{"line":199,"column":37}},"64":{"start":{"line":200,"column":8},"end":{"line":200,"column":null}},"65":{"start":{"line":202,"column":6},"end":{"line":204,"column":null}},"66":{"start":{"line":203,"column":6},"end":{"line":203,"column":65}},"67":{"start":{"line":206,"column":6},"end":{"line":206,"column":65}},"68":{"start":{"line":209,"column":8},"end":{"line":209,"column":null}},"69":{"start":{"line":216,"column":4},"end":{"line":241,"column":null}},"70":{"start":{"line":217,"column":6},"end":{"line":226,"column":null}},"71":{"start":{"line":228,"column":6},"end":{"line":232,"column":null}},"72":{"start":{"line":229,"column":26},"end":{"line":229,"column":47}},"73":{"start":{"line":230,"column":8},"end":{"line":230,"column":37}},"74":{"start":{"line":231,"column":7},"end":{"line":231,"column":null}},"75":{"start":{"line":233,"column":6},"end":{"line":235,"column":null}},"76":{"start":{"line":234,"column":6},"end":{"line":234,"column":73}},"77":{"start":{"line":237,"column":6},"end":{"line":237,"column":73}},"78":{"start":{"line":240,"column":8},"end":{"line":240,"column":null}},"79":{"start":{"line":245,"column":0},"end":{"line":245,"column":27}}},"fnMap":{"0":{"name":"(anonymous_7)","decl":{"start":{"line":19,"column":2},"end":{"line":19,"column":14}},"loc":{"start":{"line":19,"column":63},"end":{"line":24,"column":3}}},"1":{"name":"(anonymous_8)","decl":{"start":{"line":35,"column":2},"end":{"line":35,"column":14}},"loc":{"start":{"line":35,"column":106},"end":{"line":39,"column":3}}},"2":{"name":"(anonymous_9)","decl":{"start":{"line":43,"column":15},"end":{"line":43,"column":22}},"loc":{"start":{"line":43,"column":53},"end":{"line":72,"column":null}}},"3":{"name":"(anonymous_11)","decl":{"start":{"line":75,"column":15},"end":{"line":75,"column":23}},"loc":{"start":{"line":75,"column":70},"end":{"line":109,"column":null}}},"4":{"name":"(anonymous_13)","decl":{"start":{"line":111,"column":15},"end":{"line":111,"column":22}},"loc":{"start":{"line":111,"column":69},"end":{"line":144,"column":null}}},"5":{"name":"(anonymous_15)","decl":{"start":{"line":146,"column":15},"end":{"line":146,"column":25}},"loc":{"start":{"line":146,"column":69},"end":{"line":179,"column":null}}},"6":{"name":"(anonymous_17)","decl":{"start":{"line":181,"column":15},"end":{"line":181,"column":19}},"loc":{"start":{"line":181,"column":67},"end":{"line":211,"column":null}}},"7":{"name":"(anonymous_19)","decl":{"start":{"line":213,"column":15},"end":{"line":213,"column":27}},"loc":{"start":{"line":213,"column":41},"end":{"line":242,"column":null}}}},"branchMap":{"0":{"loc":{"start":{"line":43,"column":36},"end":{"line":43,"column":53}},"type":"default-arg","locations":[{"start":{"line":43,"column":52},"end":{"line":43,"column":53}}]},"1":{"loc":{"start":{"line":55,"column":6},"end":{"line":58,"column":null}},"type":"if","locations":[{"start":{"line":55,"column":6},"end":{"line":58,"column":null}}]},"2":{"loc":{"start":{"line":59,"column":7},"end":{"line":62,"column":null}},"type":"if","locations":[{"start":{"line":59,"column":7},"end":{"line":62,"column":null}}]},"3":{"loc":{"start":{"line":59,"column":11},"end":{"line":59,"column":49}},"type":"binary-expr","locations":[{"start":{"line":59,"column":11},"end":{"line":59,"column":34}},{"start":{"line":59,"column":38},"end":{"line":59,"column":49}}]},"4":{"loc":{"start":{"line":63,"column":7},"end":{"line":65,"column":null}},"type":"if","locations":[{"start":{"line":63,"column":7},"end":{"line":65,"column":null}}]},"5":{"loc":{"start":{"line":75,"column":53},"end":{"line":75,"column":70}},"type":"default-arg","locations":[{"start":{"line":75,"column":69},"end":{"line":75,"column":70}}]},"6":{"loc":{"start":{"line":90,"column":6},"end":{"line":93,"column":null}},"type":"if","locations":[{"start":{"line":90,"column":6},"end":{"line":93,"column":null}}]},"7":{"loc":{"start":{"line":95,"column":6},"end":{"line":98,"column":null}},"type":"if","locations":[{"start":{"line":95,"column":6},"end":{"line":98,"column":null}}]},"8":{"loc":{"start":{"line":95,"column":10},"end":{"line":95,"column":48}},"type":"binary-expr","locations":[{"start":{"line":95,"column":10},"end":{"line":95,"column":33}},{"start":{"line":95,"column":37},"end":{"line":95,"column":48}}]},"9":{"loc":{"start":{"line":99,"column":6},"end":{"line":101,"column":null}},"type":"if","locations":[{"start":{"line":99,"column":6},"end":{"line":101,"column":null}}]},"10":{"loc":{"start":{"line":111,"column":52},"end":{"line":111,"column":69}},"type":"default-arg","locations":[{"start":{"line":111,"column":68},"end":{"line":111,"column":69}}]},"11":{"loc":{"start":{"line":126,"column":6},"end":{"line":129,"column":null}},"type":"if","locations":[{"start":{"line":126,"column":6},"end":{"line":129,"column":null}}]},"12":{"loc":{"start":{"line":131,"column":6},"end":{"line":134,"column":8}},"type":"if","locations":[{"start":{"line":131,"column":6},"end":{"line":134,"column":8}}]},"13":{"loc":{"start":{"line":131,"column":10},"end":{"line":131,"column":48}},"type":"binary-expr","locations":[{"start":{"line":131,"column":10},"end":{"line":131,"column":33}},{"start":{"line":131,"column":37},"end":{"line":131,"column":48}}]},"14":{"loc":{"start":{"line":134,"column":8},"end":{"line":136,"column":null}},"type":"if","locations":[{"start":{"line":134,"column":8},"end":{"line":136,"column":null}}]},"15":{"loc":{"start":{"line":146,"column":52},"end":{"line":146,"column":69}},"type":"default-arg","locations":[{"start":{"line":146,"column":68},"end":{"line":146,"column":69}}]},"16":{"loc":{"start":{"line":161,"column":6},"end":{"line":163,"column":null}},"type":"if","locations":[{"start":{"line":161,"column":6},"end":{"line":163,"column":null}}]},"17":{"loc":{"start":{"line":165,"column":6},"end":{"line":168,"column":null}},"type":"if","locations":[{"start":{"line":165,"column":6},"end":{"line":168,"column":null}}]},"18":{"loc":{"start":{"line":165,"column":10},"end":{"line":165,"column":48}},"type":"binary-expr","locations":[{"start":{"line":165,"column":10},"end":{"line":165,"column":33}},{"start":{"line":165,"column":37},"end":{"line":165,"column":48}}]},"19":{"loc":{"start":{"line":169,"column":6},"end":{"line":171,"column":null}},"type":"if","locations":[{"start":{"line":169,"column":6},"end":{"line":171,"column":null}}]},"20":{"loc":{"start":{"line":197,"column":6},"end":{"line":201,"column":null}},"type":"if","locations":[{"start":{"line":197,"column":6},"end":{"line":201,"column":null}}]},"21":{"loc":{"start":{"line":202,"column":6},"end":{"line":204,"column":null}},"type":"if","locations":[{"start":{"line":202,"column":6},"end":{"line":204,"column":null}}]},"22":{"loc":{"start":{"line":228,"column":6},"end":{"line":232,"column":null}},"type":"if","locations":[{"start":{"line":228,"column":6},"end":{"line":232,"column":null}}]},"23":{"loc":{"start":{"line":233,"column":6},"end":{"line":235,"column":null}},"type":"if","locations":[{"start":{"line":233,"column":6},"end":{"line":235,"column":null}}]}},"s":{"0":24,"1":24,"2":24,"3":24,"4":1,"5":19,"6":19,"7":19,"8":5,"9":5,"10":5,"11":5,"12":2,"13":2,"14":3,"15":1,"16":1,"17":2,"18":1,"19":1,"20":3,"21":5,"22":5,"23":5,"24":5,"25":2,"26":2,"27":3,"28":1,"29":1,"30":2,"31":1,"32":1,"33":3,"34":5,"35":5,"36":5,"37":5,"38":2,"39":2,"40":3,"41":1,"42":1,"43":2,"44":1,"45":1,"46":3,"47":5,"48":5,"49":5,"50":5,"51":2,"52":3,"53":1,"54":1,"55":2,"56":1,"57":1,"58":3,"59":4,"60":4,"61":4,"62":2,"63":2,"64":2,"65":2,"66":1,"67":1,"68":2,"69":8,"70":8,"71":8,"72":6,"73":6,"74":6,"75":2,"76":1,"77":1,"78":2,"79":1},"f":{"0":24,"1":19,"2":5,"3":5,"4":5,"5":5,"6":4,"7":8},"b":{"0":[4],"1":[2],"2":[1],"3":[3,2],"4":[1],"5":[4],"6":[2],"7":[1],"8":[3,2],"9":[1],"10":[4],"11":[2],"12":[1],"13":[3,2],"14":[1],"15":[4],"16":[2],"17":[1],"18":[3,2],"19":[1],"20":[2],"21":[1],"22":[6],"23":[1]}}
}
