{"C:\\Users\\DELL\\Desktop\\пррр\\CheckMoney\\Andry-art-checkmoney-iTechArt-\\packages\\core\\HttpService.ts": {"path":"C:\\Users\\DELL\\Desktop\\пррр\\CheckMoney\\Andry-art-checkmoney-iTechArt-\\packages\\core\\HttpService.ts","statementMap":{"0":{"start":{"line":20,"column":4},"end":{"line":20,"column":19}},"1":{"start":{"line":21,"column":4},"end":{"line":21,"column":27}},"2":{"start":{"line":22,"column":4},"end":{"line":22,"column":27}},"3":{"start":{"line":17,"column":0},"end":{"line":17,"column":13}},"4":{"start":{"line":35,"column":4},"end":{"line":36,"column":27}},"5":{"start":{"line":37,"column":4},"end":{"line":37,"column":34}},"6":{"start":{"line":38,"column":4},"end":{"line":38,"column":36}},"7":{"start":{"line":44,"column":19},"end":{"line":44,"column":34}},"8":{"start":{"line":47,"column":4},"end":{"line":71,"column":null}},"9":{"start":{"line":48,"column":6},"end":{"line":53,"column":9}},"10":{"start":{"line":55,"column":6},"end":{"line":58,"column":null}},"11":{"start":{"line":56,"column":29},"end":{"line":56,"column":50}},"12":{"start":{"line":57,"column":8},"end":{"line":57,"column":null}},"13":{"start":{"line":59,"column":7},"end":{"line":62,"column":null}},"14":{"start":{"line":60,"column":8},"end":{"line":60,"column":53}},"15":{"start":{"line":61,"column":8},"end":{"line":61,"column":42}},"16":{"start":{"line":63,"column":7},"end":{"line":65,"column":null}},"17":{"start":{"line":64,"column":8},"end":{"line":64,"column":64}},"18":{"start":{"line":66,"column":6},"end":{"line":66,"column":54}},"19":{"start":{"line":70,"column":9},"end":{"line":70,"column":null}},"20":{"start":{"line":76,"column":19},"end":{"line":76,"column":34}},"21":{"start":{"line":79,"column":4},"end":{"line":106,"column":null}},"22":{"start":{"line":80,"column":6},"end":{"line":88,"column":9}},"23":{"start":{"line":90,"column":6},"end":{"line":93,"column":null}},"24":{"start":{"line":91,"column":29},"end":{"line":91,"column":50}},"25":{"start":{"line":92,"column":8},"end":{"line":92,"column":null}},"26":{"start":{"line":95,"column":6},"end":{"line":98,"column":null}},"27":{"start":{"line":96,"column":8},"end":{"line":96,"column":53}},"28":{"start":{"line":97,"column":7},"end":{"line":97,"column":58}},"29":{"start":{"line":99,"column":6},"end":{"line":101,"column":null}},"30":{"start":{"line":100,"column":8},"end":{"line":100,"column":65}},"31":{"start":{"line":102,"column":6},"end":{"line":102,"column":56}},"32":{"start":{"line":105,"column":6},"end":{"line":105,"column":null}},"33":{"start":{"line":110,"column":19},"end":{"line":110,"column":34}},"34":{"start":{"line":113,"column":4},"end":{"line":141,"column":null}},"35":{"start":{"line":114,"column":6},"end":{"line":122,"column":9}},"36":{"start":{"line":124,"column":6},"end":{"line":127,"column":null}},"37":{"start":{"line":125,"column":29},"end":{"line":125,"column":50}},"38":{"start":{"line":126,"column":8},"end":{"line":126,"column":null}},"39":{"start":{"line":129,"column":6},"end":{"line":132,"column":8}},"40":{"start":{"line":130,"column":8},"end":{"line":130,"column":53}},"41":{"start":{"line":131,"column":8},"end":{"line":131,"column":51}},"42":{"start":{"line":132,"column":8},"end":{"line":134,"column":null}},"43":{"start":{"line":133,"column":8},"end":{"line":133,"column":64}},"44":{"start":{"line":136,"column":6},"end":{"line":136,"column":62}},"45":{"start":{"line":139,"column":6},"end":{"line":139,"column":null}},"46":{"start":{"line":145,"column":19},"end":{"line":145,"column":34}},"47":{"start":{"line":148,"column":4},"end":{"line":176,"column":null}},"48":{"start":{"line":149,"column":6},"end":{"line":157,"column":9}},"49":{"start":{"line":159,"column":6},"end":{"line":161,"column":null}},"50":{"start":{"line":160,"column":8},"end":{"line":160,"column":null}},"51":{"start":{"line":163,"column":6},"end":{"line":166,"column":null}},"52":{"start":{"line":164,"column":8},"end":{"line":164,"column":53}},"53":{"start":{"line":165,"column":8},"end":{"line":165,"column":54}},"54":{"start":{"line":167,"column":6},"end":{"line":169,"column":null}},"55":{"start":{"line":168,"column":8},"end":{"line":168,"column":67}},"56":{"start":{"line":171,"column":6},"end":{"line":171,"column":65}},"57":{"start":{"line":174,"column":8},"end":{"line":174,"column":null}},"58":{"start":{"line":182,"column":4},"end":{"line":208,"column":null}},"59":{"start":{"line":183,"column":6},"end":{"line":193,"column":9}},"60":{"start":{"line":195,"column":6},"end":{"line":199,"column":null}},"61":{"start":{"line":196,"column":28},"end":{"line":196,"column":49}},"62":{"start":{"line":197,"column":8},"end":{"line":197,"column":37}},"63":{"start":{"line":198,"column":8},"end":{"line":198,"column":null}},"64":{"start":{"line":200,"column":6},"end":{"line":202,"column":null}},"65":{"start":{"line":201,"column":6},"end":{"line":201,"column":59}},"66":{"start":{"line":204,"column":6},"end":{"line":204,"column":59}},"67":{"start":{"line":207,"column":8},"end":{"line":207,"column":null}},"68":{"start":{"line":214,"column":4},"end":{"line":239,"column":null}},"69":{"start":{"line":215,"column":6},"end":{"line":224,"column":null}},"70":{"start":{"line":226,"column":6},"end":{"line":230,"column":null}},"71":{"start":{"line":227,"column":26},"end":{"line":227,"column":47}},"72":{"start":{"line":228,"column":8},"end":{"line":228,"column":37}},"73":{"start":{"line":229,"column":7},"end":{"line":229,"column":null}},"74":{"start":{"line":231,"column":6},"end":{"line":233,"column":null}},"75":{"start":{"line":232,"column":6},"end":{"line":232,"column":67}},"76":{"start":{"line":235,"column":6},"end":{"line":235,"column":67}},"77":{"start":{"line":237,"column":6},"end":{"line":237,"column":null}},"78":{"start":{"line":238,"column":8},"end":{"line":238,"column":null}},"79":{"start":{"line":243,"column":0},"end":{"line":243,"column":27}}},"fnMap":{"0":{"name":"(anonymous_7)","decl":{"start":{"line":19,"column":2},"end":{"line":19,"column":14}},"loc":{"start":{"line":19,"column":55},"end":{"line":23,"column":3}}},"1":{"name":"(anonymous_8)","decl":{"start":{"line":34,"column":2},"end":{"line":34,"column":14}},"loc":{"start":{"line":34,"column":147},"end":{"line":39,"column":3}}},"2":{"name":"(anonymous_9)","decl":{"start":{"line":43,"column":15},"end":{"line":43,"column":22}},"loc":{"start":{"line":43,"column":53},"end":{"line":72,"column":null}}},"3":{"name":"(anonymous_11)","decl":{"start":{"line":75,"column":15},"end":{"line":75,"column":23}},"loc":{"start":{"line":75,"column":70},"end":{"line":107,"column":null}}},"4":{"name":"(anonymous_13)","decl":{"start":{"line":109,"column":15},"end":{"line":109,"column":22}},"loc":{"start":{"line":109,"column":69},"end":{"line":142,"column":null}}},"5":{"name":"(anonymous_15)","decl":{"start":{"line":144,"column":15},"end":{"line":144,"column":25}},"loc":{"start":{"line":144,"column":69},"end":{"line":177,"column":null}}},"6":{"name":"(anonymous_17)","decl":{"start":{"line":179,"column":15},"end":{"line":179,"column":19}},"loc":{"start":{"line":179,"column":67},"end":{"line":209,"column":null}}},"7":{"name":"(anonymous_19)","decl":{"start":{"line":211,"column":15},"end":{"line":211,"column":27}},"loc":{"start":{"line":211,"column":41},"end":{"line":240,"column":null}}}},"branchMap":{"0":{"loc":{"start":{"line":43,"column":36},"end":{"line":43,"column":53}},"type":"default-arg","locations":[{"start":{"line":43,"column":52},"end":{"line":43,"column":53}}]},"1":{"loc":{"start":{"line":55,"column":6},"end":{"line":58,"column":null}},"type":"if","locations":[{"start":{"line":55,"column":6},"end":{"line":58,"column":null}}]},"2":{"loc":{"start":{"line":59,"column":7},"end":{"line":62,"column":null}},"type":"if","locations":[{"start":{"line":59,"column":7},"end":{"line":62,"column":null}}]},"3":{"loc":{"start":{"line":59,"column":11},"end":{"line":59,"column":49}},"type":"binary-expr","locations":[{"start":{"line":59,"column":11},"end":{"line":59,"column":34}},{"start":{"line":59,"column":38},"end":{"line":59,"column":49}}]},"4":{"loc":{"start":{"line":63,"column":7},"end":{"line":65,"column":null}},"type":"if","locations":[{"start":{"line":63,"column":7},"end":{"line":65,"column":null}}]},"5":{"loc":{"start":{"line":75,"column":53},"end":{"line":75,"column":70}},"type":"default-arg","locations":[{"start":{"line":75,"column":69},"end":{"line":75,"column":70}}]},"6":{"loc":{"start":{"line":90,"column":6},"end":{"line":93,"column":null}},"type":"if","locations":[{"start":{"line":90,"column":6},"end":{"line":93,"column":null}}]},"7":{"loc":{"start":{"line":95,"column":6},"end":{"line":98,"column":null}},"type":"if","locations":[{"start":{"line":95,"column":6},"end":{"line":98,"column":null}}]},"8":{"loc":{"start":{"line":95,"column":10},"end":{"line":95,"column":48}},"type":"binary-expr","locations":[{"start":{"line":95,"column":10},"end":{"line":95,"column":33}},{"start":{"line":95,"column":37},"end":{"line":95,"column":48}}]},"9":{"loc":{"start":{"line":99,"column":6},"end":{"line":101,"column":null}},"type":"if","locations":[{"start":{"line":99,"column":6},"end":{"line":101,"column":null}}]},"10":{"loc":{"start":{"line":109,"column":52},"end":{"line":109,"column":69}},"type":"default-arg","locations":[{"start":{"line":109,"column":68},"end":{"line":109,"column":69}}]},"11":{"loc":{"start":{"line":124,"column":6},"end":{"line":127,"column":null}},"type":"if","locations":[{"start":{"line":124,"column":6},"end":{"line":127,"column":null}}]},"12":{"loc":{"start":{"line":129,"column":6},"end":{"line":132,"column":8}},"type":"if","locations":[{"start":{"line":129,"column":6},"end":{"line":132,"column":8}}]},"13":{"loc":{"start":{"line":129,"column":10},"end":{"line":129,"column":48}},"type":"binary-expr","locations":[{"start":{"line":129,"column":10},"end":{"line":129,"column":33}},{"start":{"line":129,"column":37},"end":{"line":129,"column":48}}]},"14":{"loc":{"start":{"line":132,"column":8},"end":{"line":134,"column":null}},"type":"if","locations":[{"start":{"line":132,"column":8},"end":{"line":134,"column":null}}]},"15":{"loc":{"start":{"line":144,"column":52},"end":{"line":144,"column":69}},"type":"default-arg","locations":[{"start":{"line":144,"column":68},"end":{"line":144,"column":69}}]},"16":{"loc":{"start":{"line":159,"column":6},"end":{"line":161,"column":null}},"type":"if","locations":[{"start":{"line":159,"column":6},"end":{"line":161,"column":null}}]},"17":{"loc":{"start":{"line":163,"column":6},"end":{"line":166,"column":null}},"type":"if","locations":[{"start":{"line":163,"column":6},"end":{"line":166,"column":null}}]},"18":{"loc":{"start":{"line":163,"column":10},"end":{"line":163,"column":48}},"type":"binary-expr","locations":[{"start":{"line":163,"column":10},"end":{"line":163,"column":33}},{"start":{"line":163,"column":37},"end":{"line":163,"column":48}}]},"19":{"loc":{"start":{"line":167,"column":6},"end":{"line":169,"column":null}},"type":"if","locations":[{"start":{"line":167,"column":6},"end":{"line":169,"column":null}}]},"20":{"loc":{"start":{"line":195,"column":6},"end":{"line":199,"column":null}},"type":"if","locations":[{"start":{"line":195,"column":6},"end":{"line":199,"column":null}}]},"21":{"loc":{"start":{"line":200,"column":6},"end":{"line":202,"column":null}},"type":"if","locations":[{"start":{"line":200,"column":6},"end":{"line":202,"column":null}}]},"22":{"loc":{"start":{"line":226,"column":6},"end":{"line":230,"column":null}},"type":"if","locations":[{"start":{"line":226,"column":6},"end":{"line":230,"column":null}}]},"23":{"loc":{"start":{"line":231,"column":6},"end":{"line":233,"column":null}},"type":"if","locations":[{"start":{"line":231,"column":6},"end":{"line":233,"column":null}}]}},"s":{"0":30,"1":30,"2":30,"3":1,"4":6,"5":6,"6":6,"7":5,"8":5,"9":5,"10":5,"11":1,"12":1,"13":4,"14":1,"15":1,"16":3,"17":1,"18":2,"19":4,"20":5,"21":5,"22":5,"23":5,"24":1,"25":1,"26":4,"27":1,"28":1,"29":3,"30":1,"31":2,"32":4,"33":5,"34":5,"35":5,"36":5,"37":1,"38":1,"39":4,"40":1,"41":1,"42":3,"43":1,"44":2,"45":4,"46":5,"47":5,"48":5,"49":5,"50":1,"51":4,"52":1,"53":1,"54":3,"55":1,"56":2,"57":4,"58":4,"59":4,"60":4,"61":1,"62":1,"63":1,"64":3,"65":1,"66":2,"67":3,"68":8,"69":8,"70":8,"71":5,"72":5,"73":5,"74":3,"75":1,"76":2,"77":3,"78":3,"79":1},"f":{"0":30,"1":6,"2":5,"3":5,"4":5,"5":5,"6":4,"7":8},"b":{"0":[4],"1":[1],"2":[1],"3":[4,2],"4":[1],"5":[4],"6":[1],"7":[1],"8":[4,2],"9":[1],"10":[4],"11":[1],"12":[1],"13":[4,2],"14":[1],"15":[4],"16":[1],"17":[1],"18":[4,2],"19":[1],"20":[1],"21":[1],"22":[5],"23":[1]}}
}
