TN:
SF:HttpService.ts
FN:19,(anonymous_7)
FN:35,(anonymous_8)
FN:43,(anonymous_9)
FN:75,(anonymous_11)
FN:111,(anonymous_13)
FN:146,(anonymous_15)
FN:181,(anonymous_17)
FN:213,(anonymous_19)
FNF:8
FNH:8
FNDA:24,(anonymous_7)
FNDA:19,(anonymous_8)
FNDA:5,(anonymous_9)
FNDA:5,(anonymous_11)
FNDA:5,(anonymous_13)
FNDA:5,(anonymous_15)
FNDA:4,(anonymous_17)
FNDA:8,(anonymous_19)
DA:16,1
DA:20,24
DA:21,24
DA:22,24
DA:23,24
DA:36,19
DA:37,19
DA:38,19
DA:44,5
DA:47,5
DA:48,5
DA:55,5
DA:56,2
DA:57,2
DA:59,3
DA:60,1
DA:61,1
DA:63,2
DA:64,1
DA:66,1
DA:70,3
DA:76,5
DA:79,5
DA:80,5
DA:90,5
DA:91,2
DA:92,2
DA:95,3
DA:96,1
DA:97,1
DA:99,2
DA:100,1
DA:103,1
DA:107,3
DA:112,5
DA:115,5
DA:116,5
DA:126,5
DA:127,2
DA:128,2
DA:131,3
DA:132,1
DA:133,1
DA:134,2
DA:135,1
DA:138,1
DA:141,3
DA:147,5
DA:150,5
DA:151,5
DA:161,5
DA:162,2
DA:165,3
DA:166,1
DA:167,1
DA:169,2
DA:170,1
DA:173,1
DA:176,3
DA:184,4
DA:185,4
DA:197,4
DA:198,2
DA:199,2
DA:200,2
DA:202,2
DA:203,1
DA:206,1
DA:209,2
DA:216,8
DA:217,8
DA:228,8
DA:229,6
DA:230,6
DA:231,6
DA:233,2
DA:234,1
DA:237,1
DA:240,2
DA:245,1
LF:80
LH:80
BRDA:43,0,0,4
BRDA:55,1,0,2
BRDA:59,2,0,1
BRDA:59,3,0,3
BRDA:59,3,1,2
BRDA:63,4,0,1
BRDA:75,5,0,4
BRDA:90,6,0,2
BRDA:95,7,0,1
BRDA:95,8,0,3
BRDA:95,8,1,2
BRDA:99,9,0,1
BRDA:111,10,0,4
BRDA:126,11,0,2
BRDA:131,12,0,1
BRDA:131,13,0,3
BRDA:131,13,1,2
BRDA:134,14,0,1
BRDA:146,15,0,4
BRDA:161,16,0,2
BRDA:165,17,0,1
BRDA:165,18,0,3
BRDA:165,18,1,2
BRDA:169,19,0,1
BRDA:197,20,0,2
BRDA:202,21,0,1
BRDA:228,22,0,6
BRDA:233,23,0,1
BRF:28
BRH:28
end_of_record
