TN:
SF:HttpService.ts
FN:19,(anonymous_7)
FN:34,(anonymous_8)
FN:43,(anonymous_9)
FN:75,(anonymous_11)
FN:109,(anonymous_13)
FN:144,(anonymous_15)
FN:179,(anonymous_17)
FN:211,(anonymous_19)
FNF:8
FNH:8
FNDA:30,(anonymous_7)
FNDA:6,(anonymous_8)
FNDA:5,(anonymous_9)
FNDA:5,(anonymous_11)
FNDA:5,(anonymous_13)
FNDA:5,(anonymous_15)
FNDA:4,(anonymous_17)
FNDA:8,(anonymous_19)
DA:17,1
DA:20,30
DA:21,30
DA:22,30
DA:35,6
DA:37,6
DA:38,6
DA:44,5
DA:47,5
DA:48,5
DA:55,5
DA:56,1
DA:57,1
DA:59,4
DA:60,1
DA:61,1
DA:63,3
DA:64,1
DA:66,2
DA:70,4
DA:76,5
DA:79,5
DA:80,5
DA:90,5
DA:91,1
DA:92,1
DA:95,4
DA:96,1
DA:97,1
DA:99,3
DA:100,1
DA:102,2
DA:105,4
DA:110,5
DA:113,5
DA:114,5
DA:124,5
DA:125,1
DA:126,1
DA:129,4
DA:130,1
DA:131,1
DA:132,3
DA:133,1
DA:136,2
DA:139,4
DA:145,5
DA:148,5
DA:149,5
DA:159,5
DA:160,1
DA:163,4
DA:164,1
DA:165,1
DA:167,3
DA:168,1
DA:171,2
DA:174,4
DA:182,4
DA:183,4
DA:195,4
DA:196,1
DA:197,1
DA:198,1
DA:200,3
DA:201,1
DA:204,2
DA:207,3
DA:214,8
DA:215,8
DA:226,8
DA:227,5
DA:228,5
DA:229,5
DA:231,3
DA:232,1
DA:235,2
DA:237,3
DA:238,3
DA:243,1
LF:80
LH:80
BRDA:43,0,0,4
BRDA:55,1,0,1
BRDA:59,2,0,1
BRDA:59,3,0,4
BRDA:59,3,1,2
BRDA:63,4,0,1
BRDA:75,5,0,4
BRDA:90,6,0,1
BRDA:95,7,0,1
BRDA:95,8,0,4
BRDA:95,8,1,2
BRDA:99,9,0,1
BRDA:109,10,0,4
BRDA:124,11,0,1
BRDA:129,12,0,1
BRDA:129,13,0,4
BRDA:129,13,1,2
BRDA:132,14,0,1
BRDA:144,15,0,4
BRDA:159,16,0,1
BRDA:163,17,0,1
BRDA:163,18,0,4
BRDA:163,18,1,2
BRDA:167,19,0,1
BRDA:195,20,0,1
BRDA:200,21,0,1
BRDA:226,22,0,5
BRDA:231,23,0,1
BRF:28
BRH:28
end_of_record
